<?xml version="1.0" encoding="UTF-8"?>
<testng-results skipped="0" failed="0" ignored="0" total="2" passed="2">
  <reporter-output>
  </reporter-output>
  <suite name="Amazon Test Script" duration-ms="25978" started-at="2021-04-03T12:10:41 EDT" finished-at="2021-04-03T12:11:07 EDT">
    <groups>
    </groups>
    <test name="Amazon Home" duration-ms="25978" started-at="2021-04-03T12:10:41 EDT" finished-at="2021-04-03T12:11:07 EDT">
      <class name="landingpage.PageTitle">
        <test-method status="PASS" signature="setUp(java.lang.String)[pri:0, instance:landingpage.PageTitle@1f36e637]" name="setUp" is-config="true" duration-ms="10844" started-at="2021-04-03T12:10:41 EDT" finished-at="2021-04-03T12:10:52 EDT">
          <params>
            <param index="0">
              <value>
                <![CDATA[http://amazon.com]]>
              </value>
            </param>
          </params>
          <reporter-output>
          </reporter-output>
        </test-method> <!-- setUp -->
        <test-method status="PASS" signature="checkTitle()[pri:0, instance:landingpage.PageTitle@1f36e637]" name="checkTitle" duration-ms="108" started-at="2021-04-03T12:10:52 EDT" finished-at="2021-04-03T12:10:52 EDT">
          <reporter-output>
          </reporter-output>
        </test-method> <!-- checkTitle -->
        <test-method status="PASS" signature="cleanUp()[pri:0, instance:landingpage.PageTitle@1f36e637]" name="cleanUp" is-config="true" duration-ms="283" started-at="2021-04-03T12:10:52 EDT" finished-at="2021-04-03T12:10:53 EDT">
          <reporter-output>
          </reporter-output>
        </test-method> <!-- cleanUp -->
      </class> <!-- landingpage.PageTitle -->
      <class name="landingpage.Search">
        <test-method status="PASS" signature="setUp(java.lang.String)[pri:0, instance:landingpage.Search@51cdd8a]" name="setUp" is-config="true" duration-ms="8578" started-at="2021-04-03T12:10:53 EDT" finished-at="2021-04-03T12:11:01 EDT">
          <params>
            <param index="0">
              <value>
                <![CDATA[http://amazon.com]]>
              </value>
            </param>
          </params>
          <reporter-output>
          </reporter-output>
        </test-method> <!-- setUp -->
        <test-method status="PASS" signature="search()[pri:0, instance:landingpage.Search@51cdd8a]" name="search" duration-ms="5915" started-at="2021-04-03T12:11:01 EDT" finished-at="2021-04-03T12:11:07 EDT">
          <reporter-output>
          </reporter-output>
        </test-method> <!-- search -->
        <test-method status="PASS" signature="cleanUp()[pri:0, instance:landingpage.Search@51cdd8a]" name="cleanUp" is-config="true" duration-ms="180" started-at="2021-04-03T12:11:07 EDT" finished-at="2021-04-03T12:11:07 EDT">
          <reporter-output>
          </reporter-output>
        </test-method> <!-- cleanUp -->
      </class> <!-- landingpage.Search -->
    </test> <!-- Amazon Home -->
  </suite> <!-- Amazon Test Script -->
</testng-results>
