<?xml version="1.0" encoding="UTF-8"?>
<testng-results skipped="0" failed="0" ignored="0" total="1" passed="1">
  <reporter-output>
  </reporter-output>
  <suite name="NYPost Test Script" duration-ms="24879" started-at="2021-04-03T12:11:10 EDT" finished-at="2021-04-03T12:11:35 EDT">
    <groups>
    </groups>
    <test name="NYP Home" duration-ms="24879" started-at="2021-04-03T12:11:10 EDT" finished-at="2021-04-03T12:11:35 EDT">
      <class name="homepage.NewsPage">
        <test-method status="PASS" signature="setUp(java.lang.String)[pri:0, instance:homepage.NewsPage@2758fe70]" name="setUp" is-config="true" duration-ms="24073" started-at="2021-04-03T12:11:10 EDT" finished-at="2021-04-03T12:11:34 EDT">
          <params>
            <param index="0">
              <value>
                <![CDATA[https://nypost.com/]]>
              </value>
            </param>
          </params>
          <reporter-output>
          </reporter-output>
        </test-method> <!-- setUp -->
        <test-method status="PASS" signature="home()[pri:0, instance:homepage.NewsPage@2758fe70]" name="home" duration-ms="270" started-at="2021-04-03T12:11:34 EDT" finished-at="2021-04-03T12:11:34 EDT">
          <reporter-output>
          </reporter-output>
        </test-method> <!-- home -->
        <test-method status="PASS" signature="cleanUp()[pri:0, instance:homepage.NewsPage@2758fe70]" name="cleanUp" is-config="true" duration-ms="475" started-at="2021-04-03T12:11:34 EDT" finished-at="2021-04-03T12:11:35 EDT">
          <reporter-output>
          </reporter-output>
        </test-method> <!-- cleanUp -->
      </class> <!-- homepage.NewsPage -->
    </test> <!-- NYP Home -->
  </suite> <!-- NYPost Test Script -->
</testng-results>
